[ 2025-12-06 23:03:44,399 ] 17 root INFO Data Ingestion Artifact Created
[ 2025-12-06 23:03:50,432 ] 65 root INFO Train test split is done on dataframe
[ 2025-12-06 23:03:50,432 ] 66 root INFO Making directory for saving train and test set
[ 2025-12-06 23:03:50,490 ] 71 root INFO Train and test set saved
[ 2025-12-06 23:03:50,490 ] 19 root INFO Data Ingestion Completed
[ 2025-12-06 23:03:50,496 ] 24 root INFO Initiate Data Validation Artifact
[ 2025-12-06 23:03:50,571 ] 42 root INFO Required number of columns: 2
[ 2025-12-06 23:03:50,571 ] 43 root INFO Data Frame has columns: Index(['having_IP_Address', 'URL_Length', 'Shortining_Service',
       'having_At_Symbol', 'double_slash_redirecting', 'Prefix_Suffix',
       'having_Sub_Domain', 'SSLfinal_State', 'Domain_registeration_length',
       'Favicon', 'port', 'HTTPS_token', 'Request_URL', 'URL_of_Anchor',
       'Links_in_tags', 'SFH', 'Submitting_to_email', 'Abnormal_URL',
       'Redirect', 'on_mouseover', 'RightClick', 'popUpWidnow', 'Iframe',
       'age_of_domain', 'DNSRecord', 'web_traffic', 'Page_Rank',
       'Google_Index', 'Links_pointing_to_page', 'Statistical_report',
       'Result'],
      dtype='object')
[ 2025-12-06 23:03:50,573 ] 42 root INFO Required number of columns: 2
[ 2025-12-06 23:03:50,573 ] 43 root INFO Data Frame has columns: Index(['having_IP_Address', 'URL_Length', 'Shortining_Service',
       'having_At_Symbol', 'double_slash_redirecting', 'Prefix_Suffix',
       'having_Sub_Domain', 'SSLfinal_State', 'Domain_registeration_length',
       'Favicon', 'port', 'HTTPS_token', 'Request_URL', 'URL_of_Anchor',
       'Links_in_tags', 'SFH', 'Submitting_to_email', 'Abnormal_URL',
       'Redirect', 'on_mouseover', 'RightClick', 'popUpWidnow', 'Iframe',
       'age_of_domain', 'DNSRecord', 'web_traffic', 'Page_Rank',
       'Google_Index', 'Links_pointing_to_page', 'Statistical_report',
       'Result'],
      dtype='object')
[ 2025-12-06 23:03:50,574 ] 55 root INFO Numerical columns found: ['having_IP_Address', 'URL_Length', 'Shortining_Service', 'having_At_Symbol', 'double_slash_redirecting', 'Prefix_Suffix', 'having_Sub_Domain', 'SSLfinal_State', 'Domain_registeration_length', 'Favicon', 'port', 'HTTPS_token', 'Request_URL', 'URL_of_Anchor', 'Links_in_tags', 'SFH', 'Submitting_to_email', 'Abnormal_URL', 'Redirect', 'on_mouseover', 'RightClick', 'popUpWidnow', 'Iframe', 'age_of_domain', 'DNSRecord', 'web_traffic', 'Page_Rank', 'Google_Index', 'Links_pointing_to_page', 'Statistical_report', 'Result']
[ 2025-12-06 23:03:50,574 ] 55 root INFO Numerical columns found: ['having_IP_Address', 'URL_Length', 'Shortining_Service', 'having_At_Symbol', 'double_slash_redirecting', 'Prefix_Suffix', 'having_Sub_Domain', 'SSLfinal_State', 'Domain_registeration_length', 'Favicon', 'port', 'HTTPS_token', 'Request_URL', 'URL_of_Anchor', 'Links_in_tags', 'SFH', 'Submitting_to_email', 'Abnormal_URL', 'Redirect', 'on_mouseover', 'RightClick', 'popUpWidnow', 'Iframe', 'age_of_domain', 'DNSRecord', 'web_traffic', 'Page_Rank', 'Google_Index', 'Links_pointing_to_page', 'Statistical_report', 'Result']
[ 2025-12-06 23:03:50,747 ] 26 root INFO Data Validation Completed
[ 2025-12-06 23:03:50,748 ] 29 root INFO Data Validation Artifact initiated
[ 2025-12-06 23:03:50,748 ] 59 root INFO Initiating Data Transformation
[ 2025-12-06 23:03:50,748 ] 61 root INFO Starting Data Transformation
[ 2025-12-06 23:03:50,779 ] 49 root INFO Entered get_data_transformer_object method of transformation class
[ 2025-12-06 23:03:50,779 ] 52 root INFO KNN Imputer initialized
[ 2025-12-06 23:03:50,791 ] 45 root INFO saving object to file
[ 2025-12-06 23:03:50,794 ] 49 root INFO object saved
[ 2025-12-06 23:03:50,795 ] 33 root INFO Data Transformation Completed
[ 2025-12-06 23:03:50,795 ] 36 root INFO Initiate Model Training Artifact
[ 2025-12-06 23:06:55,139 ] 45 root INFO saving object to file
[ 2025-12-06 23:06:55,140 ] 49 root INFO object saved
[ 2025-12-06 23:06:55,140 ] 101 root INFO Model trained successfully ModelTrainingArtifact(trained_model_file_path='Artifacts\\06_12_2025_23_03_41\\model_trainer\\model.pkl\\model.pkl', train_metric_artifact=ClassificationMetricArtifact(f1_score=False, precision_score=0.9891435464414958, recall_score=0.9925358079483558), test_metric_artifact=ClassificationMetricArtifact(f1_score=False, precision_score=0.9673469387755103, recall_score=0.9875))
[ 2025-12-06 23:06:55,143 ] 40 root INFO Model Training Completed
